[00:41:22] [Client thread/INFO]: Setting user: Player113
[00:41:24] [Client thread/INFO]: LWJGL Version: 2.9.1
[00:41:26] [Client thread/INFO]: Reloading ResourceManager: Default, FMLFileResourcePack:Forge Mod Loader, FMLFileResourcePack:Minecraft Forge, FMLFileResourcePack:Lets Mod Reboot
[00:41:26] [Sound Library Loader/INFO]: Starting up SoundSystem...
[00:41:27] [Thread-9/INFO]: Initializing LWJGL OpenAL
[00:41:27] [Thread-9/INFO]: (The LWJGL binding of OpenAL.  For more information, see http://www.lwjgl.org)
[00:41:27] [Thread-9/INFO]: OpenAL initialized.
[00:41:27] [Sound Library Loader/INFO]: Sound engine started
[00:41:28] [Client thread/INFO]: Created: 512x512 textures-atlas
[00:41:29] [Client thread/INFO]: Reloading ResourceManager: Default, FMLFileResourcePack:Forge Mod Loader, FMLFileResourcePack:Minecraft Forge, FMLFileResourcePack:Lets Mod Reboot
[00:41:29] [Client thread/INFO]: SoundSystem shutting down...
[00:41:29] [Client thread/WARN]: Author: Paul Lamb, www.paulscode.com
[00:41:29] [Sound Library Loader/INFO]: Starting up SoundSystem...
[00:41:29] [Thread-11/INFO]: Initializing LWJGL OpenAL
[00:41:29] [Thread-11/INFO]: (The LWJGL binding of OpenAL.  For more information, see http://www.lwjgl.org)
[00:41:29] [Thread-11/INFO]: OpenAL initialized.
[00:41:30] [Sound Library Loader/INFO]: Sound engine started
[00:41:30] [Client thread/INFO]: Created: 512x512 textures-atlas
[00:41:48] [Client thread/INFO]: Stopping!
[00:41:48] [Client thread/INFO]: SoundSystem shutting down...
[00:41:48] [Client thread/WARN]: Author: Paul Lamb, www.paulscode.com
